=====================
 Funkin Crash Report
=====================

Generated by: Friday Night Funkin' - v0.7.3
  Git hash: b4e52df (CLEAN)
System timestamp: 2025-08-21-23-25-54
Driver info: OpenGL Vendor=NVIDIA Corporation Version=4.6.0 NVIDIA 580.88 Renderer=NVIDIA GeForce RTX 3070/PCIe/SSE2 GLSL=4.60 NVIDIA
Platform: Windows
Render method: DRAW_TILES

=====================

HXCPP-Immix:
- Memory Used: 175913316 bytes
- Memory Reserved: 197437668 bytes
- Memory Current Pool: 175913316 bytes
- Memory Large Pool: 149059812 bytes
- HXCPP Debugger: Disabled
- HXCPP Exp Generational Mode: Disabled
- HXCPP Exp Moving GC: Disabled
- HXCPP Exp Moving GC: Disabled
- HXCPP Exp Moving GC: Disabled
- HXCPP Debug Link: Disabled
- HXCPP Stack Trace: Enabled
- HXCPP Stack Trace Line Numbers: Enabled
- HXCPP Pointer Validation: Enabled
- HXCPP Profiler: Disabled
- HXCPP Local Telemetry: Disabled
- HXCPP C++11: Disabled
- Source Annotation: Disabled

=====================

Flixel Current State: funkin.play.PlayState

=====================

Haxelibs: 
- FlxPartialSound git(https://github.com/FunkinDroidTeam/FlxPartialSound.git/:3c9f63e3501c20c0b60442089dc05306f5a87968
- astc-compressor git(https://github.com/KarimAkra/astc-compressor/:8c9f56927c523df7b849352c6951f04112fe15cc
- extension-admob git(https://github.com/FunkinCrew/extension-admob/:a53d5916bdcb2e48913f94d9ae1d949b049dcdc1
- extension-androidtools haxelib(2.2.1)
- extension-haptics haxelib(1.0.3)
- extension-iapcore haxelib(1.0.3)
- extension-iarcore haxelib(1.0.2)
- flixel git(https://github.com/FunkinCrew/flixel-mobile/:08fc955ca87f192a971719a675f1d3b21709725d
- flixel-addons git(https://github.com/FunkinCrew/flixel-addons/:b9118f47f43a66bc0e5fbfcfd9903f0425e918ee
- flxanimate git(https://github.com/FunkinCrew/flxanimate/:39c1572add28869c558b218fffed13df1b64f376
- format haxelib(3.5.0)
- funkin.vis git(https://github.com/FunkinCrew/funkVis/:1966f8fbbbc509ed90d4b520f3c49c084fc92fd6
- grig.audio git(https://github.com/FunkinCrew/grig.audio/src:8567c4dad34cfeaf2ff23fe12c3796f5db80685e
- hamcrest haxelib(3.0.0)
- haxeui-core git(https://github.com/haxeui/haxeui-core/:47ee9f5fa02d422e186e844f87e68220cabfcc5b
- haxeui-flixel git(https://github.com/haxeui/haxeui-flixel/:100f2c96beab619cfe72c567a058c41c71e3e998
- hscript git(https://github.com/FunkinCrew/hscript/:d60bb2947fa609fdc875ccfae89666a6984eeaf2
- hxcpp git(https://github.com/FunkinCrew/hxcpp/:4e24283a047f11bded6affabbc9ec405156e026e
- hxcpp-debug-server git(https://github.com/FunkinCrew/hxcpp-debugger/hxcpp-debug-server:147294123f983e35f50a966741474438069a7a8f
- hxdiscord_rpc git(https://github.com/FunkinCrew/hxdiscord_rpc/:82c47ecc1a454b7dd644e4fcac7e91155f176dec
- hxjsonast git(https://github.com/nadako/hxjsonast//:20e72cc68c823496359775ac1f06500e67f189d5
- hxp haxelib(1.3.0)
- hxvlc haxelib(2.2.2)
- json2object git(https://github.com/FunkinCrew/json2object/:a8c26f18463c98da32f744c214fe02273e1823fa
- jsonpatch git(https://github.com/EliteMasterEric/jsonpatch/:f9b83215acd586dc28754b4ae7f69d4c06c3b4d3
- jsonpath git(https://github.com/EliteMasterEric/jsonpath/:7a24193717b36393458c15c0435bb7c4470ecdda
- lime git(https://github.com/FunkinCrew/lime-mobile/:c750ebf6b48c4bc018abe9855fbae5ffdbc4771a
- mconsole git(https://github.com/massive-oss/mconsole/:06c0499ed8f80628a0e6e55ffa32c3cbd688a838
- mcover git(https://github.com/massive-oss/mcover/src:c3c47cd682b0b202a41caee95321989391b617ef
- mockatoo git(https://github.com/FunkinCrew/mockatoo/src:13d77a0a8eaf5e789ef5dae6cd33eee812deda36
- munit git(https://github.com/FunkinCrew/MassiveUnit/src:f61be7f7ba796595f45023ca65164a485aba0e7e
- newgrounds git(https://github.com/Geokureli/Newgrounds//:c8b30832027fa04f48fe6a45fa7903d5b265d56e
- openfl git(https://github.com/FunkinCrew/openfl-mobile/:a0df7c3afe360c9af59a76e45007dbf4e53b5131
- polymod git(https://github.com/larsiusprime/polymod/:866f19edbcd872b3358f9a41f2f6a24c71c191d1
- thx.core git(https://github.com/fponticelli/thx.core/:76d87418fadd92eb8e1b61f004cff27d656e53dd
- thx.semver git(https://github.com/fponticelli/thx.semver/:bdb191fe7cf745c02a980749906dbf22719e200b

=====================

Loaded mods: 
- eternalRadio

=====================

Null Object Reference
  in funkin/play/PlayState.hx#2176
  in funkin/play/PlayState.hx#1622
  in flixel/FlxGame.hx#402

